<?xml version="1.0" encoding="UTF-8"?>
<testng-results ignored="0" total="1" passed="1" failed="0" skipped="0">
  <reporter-output>
  </reporter-output>
  <suite started-at="2025-03-01T16:53:39 IST" name="Suite" finished-at="2025-03-01T16:54:00 IST" duration-ms="21451">
    <groups>
    </groups>
    <test started-at="2025-03-01T16:53:39 IST" name="Test" finished-at="2025-03-01T16:54:00 IST" duration-ms="21451">
      <class name="salesforce.testcases.Login">
        <test-method signature="runLogin()[pri:0, instance:salesforce.testcases.Login@1ffe63b9]" started-at="2025-03-01T16:53:39 IST" name="runLogin" finished-at="2025-03-01T16:54:00 IST" duration-ms="21290" status="PASS">
          <reporter-output>
          </reporter-output>
        </test-method> <!-- runLogin -->
      </class> <!-- salesforce.testcases.Login -->
    </test> <!-- Test -->
  </suite> <!-- Suite -->
</testng-results>
