<?xml version="1.0" encoding="UTF-8"?>
<testng-results ignored="0" total="1" passed="1" failed="0" skipped="0">
  <reporter-output>
  </reporter-output>
  <suite started-at="2025-03-01T16:32:42 IST" name="Default suite" finished-at="2025-03-01T16:33:15 IST" duration-ms="32604">
    <groups>
    </groups>
    <test started-at="2025-03-01T16:32:42 IST" name="Default test" finished-at="2025-03-01T16:33:15 IST" duration-ms="32604">
      <class name="salesforce.testcases.Login">
        <test-method signature="runLogin()[pri:0, instance:salesforce.testcases.Login@1a6d8329]" started-at="2025-03-01T16:32:43 IST" name="runLogin" finished-at="2025-03-01T16:33:15 IST" duration-ms="32128" status="PASS">
          <reporter-output>
          </reporter-output>
        </test-method> <!-- runLogin -->
      </class> <!-- salesforce.testcases.Login -->
    </test> <!-- Default test -->
  </suite> <!-- Default suite -->
</testng-results>
